INFO: 2022-02-02 17:33:17,198: Start data training with Models
INFO: 2022-02-02 17:33:17,673: Train LinearRegression
INFO: 2022-02-02 17:34:34,195: MAE: 814.8585861916268
							   MSE:1207176.2476219274
							   RMSE:1098.7157264833918
INFO: 2022-02-02 17:34:41,110: Train RandomForestRegressor
INFO: 2022-02-02 17:36:10,202: MAE: 774.0751060598241
							   MSE:1227867.3594884279
							   RMSE:1108.0917649222142
INFO: 2022-02-02 17:36:14,636: --------------------------------------------------
INFO: 2022-02-02 17:36:14,644: GridSearchCV
INFO: 2022-02-02 17:43:55,220: GridSearchCV(estimator=RandomForestRegressor(),
             param_grid={'max_depth': [2, 4, 5, 6, 7, 8],
                         'n_estimators': [50, 100, 150, 200, 500]})
INFO: 2022-02-02 17:43:55,278: Best Paramteres:{'max_depth': 5, 'n_estimators': 150}
INFO: 2022-02-02 17:43:57,502: Train GradientBoostingRegressor
INFO: 2022-02-02 17:43:57,572: MAE: 740.5177630295256
							   MSE:1133344.2436683974
							   RMSE:1064.5864190700524
INFO: 2022-02-02 17:45:38,846: GridSearchCV(estimator=GradientBoostingRegressor(),
             param_grid={'n_estimators': [10, 50, 100, 500, 1000]})
INFO: 2022-02-02 17:45:38,875: Best Paramteres:{'n_estimators': 50}
INFO: 2022-02-02 17:45:39,368: Train DecisionTreeRegressor
INFO: 2022-02-02 17:45:39,419: MAE: 1050.2672838709677
							   MSE:2280109.901899911
							   RMSE:1510.0032787712453
INFO: 2022-02-02 17:45:39,429: --------------------------------------------------
INFO: 2022-02-02 17:45:39,431: GridSearchCV
INFO: 2022-02-02 17:45:43,188: GridSearchCV(estimator=DecisionTreeRegressor(),
             param_grid={'max_depth': [2, 18, 10, 15, 20],
                         'min_samples_leaf': [50, 100, 150, 200, 500]})
INFO: 2022-02-02 17:45:43,220: Best Paramteres:{'max_depth': 18, 'min_samples_leaf': 100}
INFO: 2022-02-02 17:50:52,352: Train BaggingRegressor
INFO: 2022-02-02 17:50:55,343: MAE: 798.544216686217
							   MSE:1320048.0402633734
							   RMSE:1148.9334359584864
INFO: 2022-02-02 17:51:40,683: Saving the best model
